<?xml version="1.0" encoding="UTF-8"?>
<!-- Generated by org.testng.reporters.JUnitReportReporter -->
<testsuite hostname="Acer" failures="0" tests="1" name="tests_group_1.LoginTest" time="11.271" errors="0" timestamp="2024-01-16T20:03:57 EET" skipped="0">
  <testcase classname="tests_group_1.LoginTest" name="login" time="11.271"/>
</testsuite> <!-- tests_group_1.LoginTest -->
