<?xml version="1.0" encoding="UTF-8"?>
<!-- Generated by org.testng.reporters.JUnitReportReporter -->
<testsuite hostname="Acer" failures="0" tests="1" name="cucumber_stepdefinitions.LoginAuthentication" time="8.282" errors="0" timestamp="2024-01-16T16:26:58 EET" skipped="0">
  <testcase classname="cucumber_stepdefinitions.LoginAuthentication" name="LoginOrange" time="8.282"/>
</testsuite> <!-- cucumber_stepdefinitions.LoginAuthentication -->
