<?xml version="1.0" encoding="UTF-8"?>
<!-- Generated by org.testng.reporters.JUnitReportReporter -->
<testsuite hostname="Acer" failures="0" tests="1" name="tests_group_2.TwoTest" time="5.179" errors="0" timestamp="2024-01-16T20:24:06 EET" skipped="0">
  <testcase classname="tests_group_2.TwoTest" name="testTwo" time="5.179"/>
</testsuite> <!-- tests_group_2.TwoTest -->
