<?xml version="1.0" encoding="UTF-8"?>
<!-- Generated by org.testng.reporters.JUnitReportReporter -->
<testsuite hostname="Acer" failures="0" tests="2" name="tests_group_1._LoginTest1" time="20.016" errors="0" timestamp="2024-01-15T18:18:43 EET" skipped="0">
  <testcase classname="tests_group_1._LoginTest1" name="login" time="8.499"/>
  <testcase classname="tests_group_1._LoginTest1" name="login" time="11.517"/>
</testsuite> <!-- tests_group_1._LoginTest1 -->
